[0208/173317:INFO:CONSOLE(0)] "Uncaught TypeError: Cannot read property 'style' of null," source: http://developer.spotify.com/wp-content/themes/spotify/javascript/common.js?1327934566(6)
[0208/173346:INFO:CONSOLE(0)] "Uncaught TypeError: Cannot read property 'style' of null," source: http://developer.spotify.com/wp-content/themes/spotify/javascript/common.js?1327934566(6)
[0208/173346:INFO:CONSOLE(0)] "Uncaught TypeError: Cannot read property 'style' of null," source: http://developer.spotify.com/wp-content/themes/spotify/javascript/common.js?1327934566(6)
[0208/173347:INFO:CONSOLE(0)] "Uncaught TypeError: Cannot read property 'style' of null," source: http://developer.spotify.com/wp-content/themes/spotify/javascript/common.js?1327934566(6)
[0208/173347:INFO:CONSOLE(0)] "Uncaught TypeError: Cannot read property 'style' of null," source: http://developer.spotify.com/wp-content/themes/spotify/javascript/common.js?1327934566(6)
[0208/173347:INFO:CONSOLE(0)] "Uncaught TypeError: Cannot read property 'style' of null," source: http://developer.spotify.com/wp-content/themes/spotify/javascript/common.js?1327934566(6)
[0208/173347:INFO:CONSOLE(0)] "Uncaught TypeError: Cannot read property 'style' of null," source: http://developer.spotify.com/wp-content/themes/spotify/javascript/common.js?1327934566(6)
[0208/173740:INFO:CONSOLE(0)] "Uncaught TypeError: Cannot read property 'style' of null," source: http://developer.spotify.com/wp-content/themes/spotify/javascript/common.js?1327934566(6)
[0208/174233:INFO:CONSOLE(0)] "Uncaught TypeError: Cannot read property 'style' of null," source: http://developer.spotify.com/wp-content/themes/spotify/javascript/common.js?1327934566(6)
[0208/175356:INFO:CONSOLE(0)] "Uncaught TypeError: Cannot read property 'style' of null," source: http://developer.spotify.com/wp-content/themes/spotify/javascript/common.js?1327934566(6)
[0208/182104:INFO:CONSOLE(0)] "Uncaught TypeError: Cannot read property 'style' of null," source: http://developer.spotify.com/wp-content/themes/spotify/javascript/common.js?1327934566(6)
[0208/185529:INFO:CONSOLE(0)] "Uncaught TypeError: Cannot read property 'style' of null," source: http://developer.spotify.com/wp-content/themes/spotify/javascript/common.js?1327934566(6)
[0208/193122:INFO:CONSOLE(0)] "Uncaught TypeError: Cannot read property 'style' of null," source: http://developer.spotify.com/wp-content/themes/spotify/javascript/common.js?1327934566(6)
[0208/193443:INFO:CONSOLE(0)] "Uncaught TypeError: Cannot read property 'style' of null," source: http://developer.spotify.com/wp-content/themes/spotify/javascript/common.js?1327934566(6)
[0208/232410:INFO:CONSOLE(0)] "Uncaught TypeError: Cannot read property 'style' of null," source: http://developer.spotify.com/wp-content/themes/spotify/javascript/common.js?1327934566(6)
[0208/232726:INFO:CONSOLE(0)] "Uncaught TypeError: Cannot read property 'style' of null," source: http://developer.spotify.com/wp-content/themes/spotify/javascript/common.js?1327934566(6)
[0209/165502:INFO:CONSOLE(0)] "Uncaught TypeError: Cannot set property 'value' of null," source: (1)
[0209/165518:INFO:CONSOLE(0)] "Uncaught TypeError: Cannot set property 'value' of null," source: (1)
[0209/172601:INFO:CONSOLE(0)] "Uncaught TypeError: Cannot read property 'style' of null," source: http://developer.spotify.com/wp-content/themes/spotify/javascript/common.js?1327934566(6)
[0209/180406:INFO:CONSOLE(0)] "Uncaught TypeError: Cannot read property 'style' of null," source: http://developer.spotify.com/wp-content/themes/spotify/javascript/common.js?1327934566(6)
[0209/182356:INFO:CONSOLE(0)] "Uncaught TypeError: Cannot read property 'style' of null," source: http://developer.spotify.com/wp-content/themes/spotify/javascript/common.js?1327934566(6)
[0209/204640:INFO:CONSOLE(0)] "Uncaught TypeError: Cannot read property 'style' of null," source: http://developer.spotify.com/wp-content/themes/spotify/javascript/common.js?1327934566(6)
[0209/210601:INFO:CONSOLE(0)] "Uncaught TypeError: Cannot read property 'style' of null," source: http://developer.spotify.com/wp-content/themes/spotify/javascript/common.js?1327934566(6)
[0210/180210:INFO:CONSOLE(0)] "Uncaught TypeError: Cannot read property 'style' of null," source: http://developer.spotify.com/wp-content/themes/spotify/javascript/common.js?1327934566(6)
[0210/180332:INFO:CONSOLE(0)] "Uncaught TypeError: Cannot read property 'style' of null," source: http://developer.spotify.com/wp-content/themes/spotify/javascript/common.js?1327934566(6)
[0210/233507:INFO:CONSOLE(0)] "Uncaught SyntaxError: Unexpected token )," source: http://ajax.googleapis.com/ajax/libs/mootools/1.2.5/mootools-yui-compressed.js(1)
[0210/233507:INFO:CONSOLE(0)] "Uncaught SyntaxError: Unexpected token ILLEGAL," source: http://webchat.quakenet.org/static/leibniz/js/qui-3833e7d510a2.js(4)
[0210/233507:INFO:CONSOLE(0)] "Uncaught ReferenceError: qwebirc is not defined," source: http://webchat.quakenet.org/(13)
[0210/233535:INFO:CONSOLE(0)] "Uncaught SyntaxError: Unexpected token )," source: http://ajax.googleapis.com/ajax/libs/mootools/1.2.5/mootools-yui-compressed.js(1)
[0210/233535:INFO:CONSOLE(0)] "Uncaught SyntaxError: Unexpected token ILLEGAL," source: http://webchat.quakenet.org/static/leibniz/js/qui-3833e7d510a2.js(4)
[0210/233535:INFO:CONSOLE(0)] "Uncaught ReferenceError: qwebirc is not defined," source: http://webchat.quakenet.org/(13)
[0210/233624:INFO:CONSOLE(0)] "Uncaught SyntaxError: Unexpected token )," source: http://ajax.googleapis.com/ajax/libs/mootools/1.2.5/mootools-yui-compressed.js(1)
[0210/233624:INFO:CONSOLE(0)] "Uncaught SyntaxError: Unexpected token ILLEGAL," source: http://webchat.quakenet.org/static/leibniz/js/qui-3833e7d510a2.js(4)
[0210/233624:INFO:CONSOLE(0)] "Uncaught ReferenceError: qwebirc is not defined," source: http://webchat.quakenet.org/(13)
[0210/233642:INFO:CONSOLE(0)] "Uncaught SyntaxError: Invalid regular expression: missing /," source: http://ajax.googleapis.com/ajax/libs/jquery/1.3.2/jquery.min.js(12)
[0210/233642:INFO:CONSOLE(0)] "Uncaught SyntaxError: Unexpected token ILLEGAL," source: http://developer.spotify.com/wp-content/themes/spotify/javascript/common.js?1327934566(766)
[0210/233657:INFO:CONSOLE(0)] "Uncaught SyntaxError: Unexpected token )," source: http://ajax.googleapis.com/ajax/libs/mootools/1.2.5/mootools-yui-compressed.js(1)
[0210/233657:INFO:CONSOLE(0)] "Uncaught SyntaxError: Unexpected token ILLEGAL," source: http://webchat.quakenet.org/static/leibniz/js/qui-3833e7d510a2.js(4)
[0210/233657:INFO:CONSOLE(0)] "Uncaught ReferenceError: qwebirc is not defined," source: http://webchat.quakenet.org/(13)
[0210/233810:INFO:CONSOLE(0)] "Uncaught SyntaxError: Unexpected token )," source: http://ajax.googleapis.com/ajax/libs/mootools/1.2.5/mootools-yui-compressed.js(1)
[0210/233810:INFO:CONSOLE(0)] "Uncaught SyntaxError: Unexpected token ILLEGAL," source: http://webchat.quakenet.org/static/leibniz/js/qui-3833e7d510a2.js(4)
[0210/233810:INFO:CONSOLE(0)] "Uncaught ReferenceError: qwebirc is not defined," source: http://webchat.quakenet.org/(13)
[0210/233847:INFO:CONSOLE(0)] "Uncaught SyntaxError: Unexpected token )," source: http://ajax.googleapis.com/ajax/libs/mootools/1.2.5/mootools-yui-compressed.js(1)
[0210/233847:INFO:CONSOLE(0)] "Uncaught SyntaxError: Unexpected token ILLEGAL," source: http://webchat.quakenet.org/static/leibniz/js/qui-3833e7d510a2.js(4)
[0210/233847:INFO:CONSOLE(0)] "Uncaught ReferenceError: qwebirc is not defined," source: http://webchat.quakenet.org/(13)
[0210/233855:INFO:CONSOLE(0)] "Uncaught SyntaxError: Unexpected token )," source: http://ajax.googleapis.com/ajax/libs/mootools/1.2.5/mootools-yui-compressed.js(1)
[0210/233855:INFO:CONSOLE(0)] "Uncaught SyntaxError: Unexpected token ILLEGAL," source: http://webchat.quakenet.org/static/leibniz/js/qui-3833e7d510a2.js(4)
[0210/233855:INFO:CONSOLE(0)] "Uncaught ReferenceError: qwebirc is not defined," source: http://webchat.quakenet.org/(13)
[0210/234112:INFO:CONSOLE(0)] "Uncaught SyntaxError: Unexpected token )," source: http://ajax.googleapis.com/ajax/libs/mootools/1.2.5/mootools-yui-compressed.js(1)
[0210/234112:INFO:CONSOLE(0)] "Uncaught SyntaxError: Unexpected token ILLEGAL," source: http://webchat.quakenet.org/static/leibniz/js/qui-3833e7d510a2.js(4)
[0210/234112:INFO:CONSOLE(0)] "Uncaught ReferenceError: qwebirc is not defined," source: http://webchat.quakenet.org/(13)
[0210/234219:INFO:CONSOLE(0)] "Uncaught SyntaxError: Unexpected token )," source: http://ajax.googleapis.com/ajax/libs/mootools/1.2.5/mootools-yui-compressed.js(1)
[0210/234219:INFO:CONSOLE(0)] "Uncaught SyntaxError: Unexpected token ILLEGAL," source: http://webchat.quakenet.org/static/leibniz/js/qui-3833e7d510a2.js(4)
[0210/234219:INFO:CONSOLE(0)] "Uncaught ReferenceError: qwebirc is not defined," source: http://webchat.quakenet.org/(13)
[0210/234230:INFO:CONSOLE(0)] "Uncaught SyntaxError: Unexpected token )," source: http://ajax.googleapis.com/ajax/libs/mootools/1.2.5/mootools-yui-compressed.js(1)
[0210/234230:INFO:CONSOLE(0)] "Uncaught SyntaxError: Unexpected token ILLEGAL," source: http://webchat.quakenet.org/static/leibniz/js/qui-3833e7d510a2.js(4)
[0210/234230:INFO:CONSOLE(0)] "Uncaught ReferenceError: qwebirc is not defined," source: http://webchat.quakenet.org/(13)
[0211/000044:INFO:CONSOLE(0)] "Uncaught SyntaxError: Unexpected token )," source: http://ajax.googleapis.com/ajax/libs/mootools/1.2.5/mootools-yui-compressed.js(1)
[0211/000044:INFO:CONSOLE(0)] "Uncaught SyntaxError: Unexpected token ILLEGAL," source: http://webchat.quakenet.org/static/leibniz/js/qui-3833e7d510a2.js(4)
[0211/000044:INFO:CONSOLE(0)] "Uncaught ReferenceError: qwebirc is not defined," source: http://webchat.quakenet.org/(13)
